[debug] [2021-06-11T17:38:11.169Z] ----------------------------------------------------------------------
[debug] [2021-06-11T17:38:11.171Z] Command:       C:\Program Files\nodejs\node.exe C:\Users\ThinkKING\AppData\Roaming\npm\node_modules\firebase-tools\lib\bin\firebase.js init
[debug] [2021-06-11T17:38:11.171Z] CLI Version:   9.5.0
[debug] [2021-06-11T17:38:11.172Z] Platform:      win32
[debug] [2021-06-11T17:38:11.172Z] Node Version:  v14.15.4
[debug] [2021-06-11T17:38:11.174Z] Time:          Sat Jun 12 2021 00:38:11 GMT+0700 (Indochina Time)
[debug] [2021-06-11T17:38:11.174Z] ----------------------------------------------------------------------
[debug] [2021-06-11T17:38:11.174Z] 
[debug] [2021-06-11T17:38:11.176Z] >>> [apiv2][query] GET https://firebase-public.firebaseio.com/cli.json [none]
[debug] [2021-06-11T17:38:11.195Z] > command requires scopes: ["email","openid","https://www.googleapis.com/auth/cloudplatformprojects.readonly","https://www.googleapis.com/auth/firebase","https://www.googleapis.com/auth/cloud-platform"]
[debug] [2021-06-11T17:38:11.196Z] > authorizing via signed-in user
[info] 
     ######## #### ########  ######## ########     ###     ######  ########
     ##        ##  ##     ## ##       ##     ##  ##   ##  ##       ##
     ######    ##  ########  ######   ########  #########  ######  ######
     ##        ##  ##    ##  ##       ##     ## ##     ##       ## ##
     ##       #### ##     ## ######## ########  ##     ##  ######  ########

You're about to initialize a Firebase project in this directory:

  C:\Users\ThinkKING\Desktop\PetProjects\firegram2

[debug] [2021-06-11T17:38:12.021Z] <<< [apiv2][status] GET https://firebase-public.firebaseio.com/cli.json 200
[debug] [2021-06-11T17:38:12.021Z] <<< [apiv2][body] GET https://firebase-public.firebaseio.com/cli.json {"cloudBuildErrorAfter":1594252800000,"cloudBuildWarnAfter":1590019200000,"defaultNode10After":1594252800000,"minVersion":"3.0.5","node8DeploysDisabledAfter":1613390400000,"node8RuntimeDisabledAfter":1615809600000,"node8WarnAfter":1600128000000}
